<?xml version="1.0" encoding="UTF-8"?>
<!-- Generated by org.testng.reporters.JUnitXMLReporter -->
<testsuite ignored="0" hostname="DESKTOP-EI8L239" failures="1" tests="5" name="AutomationAssessment2" time="41.217" errors="0" timestamp="20 Nov 2019 21:43:30 GMT">
  <testcase classname="za.co.ilab.tshimx.testcases.HomePageTest" name="clickCareersLink" time="39.841">
    <failure type="java.lang.AssertionError" message="expected [true] but found [false]">
      <![CDATA[java.lang.AssertionError: expected [true] but found [false]
at za.co.ilab.tshimx.testcases.HomePageTest.clickCareersLink(HomePageTest.java:42)
at java.base/java.util.concurrent.FutureTask.run(FutureTask.java:264)
at java.base/java.util.concurrent.ThreadPoolExecutor.runWorker(ThreadPoolExecutor.java:1128)
at java.base/java.util.concurrent.ThreadPoolExecutor$Worker.run(ThreadPoolExecutor.java:628)
at java.base/java.lang.Thread.run(Thread.java:834)
... Removed 20 stack frames]]>
    </failure>
  </testcase> <!-- clickCareersLink -->
  <testcase classname="za.co.ilab.tshimx.testcases.HomePageTest" name="clickSouthAficaLink" time="0.0">
    <skipped/>
  </testcase> <!-- clickSouthAficaLink -->
  <testcase classname="za.co.ilab.tshimx.testcases.HomePageTest" name="clickFirstJobLink" time="0.0">
    <skipped/>
  </testcase> <!-- clickFirstJobLink -->
  <testcase classname="za.co.ilab.tshimx.testcases.HomePageTest" name="clickApplyOnlineLink" time="0.0">
    <skipped/>
  </testcase> <!-- clickApplyOnlineLink -->
  <testcase classname="za.co.ilab.tshimx.testcases.HomePageTest" name="fillTheApplyOnlineForm" time="0.0">
    <skipped/>
  </testcase> <!-- fillTheApplyOnlineForm -->
</testsuite> <!-- AutomationAssessment2 -->
